\BOOKMARK [1][-]{section.1}{\376\377\127\372\171\016\212\236\154\325\220\037\211\275}{}% 1
\BOOKMARK [2][-]{subsection.1.1}{\376\377\214\307\145\231\127\213\122\045\202\007\220\113\173\227\133\120}{section.1}% 2
\BOOKMARK [2][-]{subsection.1.2}{\376\377\217\070\121\145\202\007\217\070\121\372}{section.1}% 3
\BOOKMARK [1][-]{section.2}{\376\377\150\235\116\366\122\044\145\267}{}% 4
\BOOKMARK [2][-]{subsection.2.1}{\376\377\000i\000f\000\040\000/\000\040\000e\000l\000i\000f\000\040\000/\000\040\000e\000l\000s\000e\000\040\175\120\151\313}{section.2}% 5
\BOOKMARK [2][-]{subsection.2.2}{\376\377\150\235\116\366\230\006\136\217\223\057\212\244\377\010\230\114\166\356\000\040\0001\0007\377\011}{section.2}% 6
\BOOKMARK [2][-]{subsection.2.3}{\376\377\163\150\172\313\000\040\000i\000f\000\040\166\204\217\375\216\144\377\010\230\114\166\356\000\040\0001\0000\377\011}{section.2}% 7
\BOOKMARK [1][-]{section.3}{\376\377\217\364\127\010}{}% 8
\BOOKMARK [2][-]{subsection.3.1}{\376\377\000f\000o\000r\000\040\217\364\127\010\202\007\000\040\000r\000a\000n\000g\000e\000\050\000\051}{section.3}% 9
\BOOKMARK [2][-]{subsection.3.2}{\376\377\000w\000h\000i\000l\000e\000\040\217\364\127\010}{section.3}% 10
\BOOKMARK [2][-]{subsection.3.3}{\376\377\135\342\162\300\217\364\127\010\202\007\127\026\137\142\377\010\230\114\166\356\000\040\0005\060\001\0001\0009\377\011}{section.3}% 11
\BOOKMARK [2][-]{subsection.3.4}{\376\377\116\214\175\255\226\143\122\027\135\342\162\300\217\364\127\010\377\010\230\114\166\356\000\040\0001\0008\377\011}{section.3}% 12
\BOOKMARK [1][-]{section.4}{\376\377\121\375\137\017\202\007\220\136\217\364}{}% 13
\BOOKMARK [2][-]{subsection.4.1}{\376\377\121\375\137\017\127\372\147\054\151\202\137\365}{section.4}% 14
\BOOKMARK [2][-]{subsection.4.2}{\376\377\220\136\217\364\166\204\121\151\120\013\137\305\211\201\150\235\116\366}{section.4}% 15
\BOOKMARK [2][-]{subsection.4.3}{\376\377\220\136\217\364\217\375\216\144\166\204\145\271\154\325}{section.4}% 16
\BOOKMARK [2][-]{subsection.4.4}{\376\377\214\273\137\017\145\170\122\027\377\010\230\114\166\356\000\040\0007\060\001\0001\0004\377\011}{section.4}% 17
\BOOKMARK [2][-]{subsection.4.5}{\376\377\000G\000C\000D\000\040\217\076\217\111\226\144\154\325\377\010\230\114\166\356\000\040\0009\060\001\0002\0003\377\011}{section.4}% 18
\BOOKMARK [2][-]{subsection.4.6}{\376\377\116\222\166\370\220\136\217\364\377\010\230\114\166\356\000\040\0008\060\001\0001\0003\377\011}{section.4}% 19
\BOOKMARK [2][-]{subsection.4.7}{\376\377\220\136\217\364\121\252\153\041\377\010\230\114\166\356\000\040\0002\0001\377\011}{section.4}% 20
\BOOKMARK [1][-]{section.5}{\376\377\116\062\122\027\377\010\000L\000i\000s\000t\377\011}{}% 21
\BOOKMARK [2][-]{subsection.5.1}{\376\377\127\372\147\054\144\315\117\134}{section.5}% 22
\BOOKMARK [2][-]{subsection.5.2}{\376\377\116\062\122\027\122\035\131\313\123\026}{section.5}% 23
\BOOKMARK [2][-]{subsection.5.3}{\376\377\124\014\146\102\214\346\120\074\377\010\230\114\166\356\000\040\0001\0005\377\011}{section.5}% 24
\BOOKMARK [2][-]{subsection.5.4}{\376\377\175\042\137\025\120\117\171\373\377\010\230\114\166\356\000\040\0002\0005\377\011}{section.5}% 25
\BOOKMARK [2][-]{subsection.5.5}{\376\377\144\034\134\013\157\024\173\227\154\325\377\010\230\114\166\356\000\040\0006\060\001\0002\0002\060\001\0002\0009\377\011}{section.5}% 26
\BOOKMARK [2][-]{subsection.5.6}{\376\377\147\000\131\047\120\074\060\001\147\000\134\017\120\074\217\375\216\144\377\010\230\114\166\356\000\040\0002\0004\060\001\0002\0009\377\011}{section.5}% 27
\BOOKMARK [1][-]{section.6}{\376\377\172\013\137\017\213\130\213\200\142\200\135\347}{}% 28
\BOOKMARK [2][-]{subsection.6.1}{\376\377\127\367\210\114\155\101\172\013\217\375\216\144\126\333\153\145\232\137}{section.6}% 29
\BOOKMARK [2][-]{subsection.6.2}{\376\377\153\173\172\013\137\017\170\274\377\010\000D\000e\000a\000d\000\040\000C\000o\000d\000e\377\014\230\114\166\356\000\040\0002\0007\377\011}{section.6}% 30
\BOOKMARK [2][-]{subsection.6.3}{\376\377\121\227\231\030\172\013\137\017\170\274\377\010\230\114\166\356\000\040\0002\0000\377\011}{section.6}% 31
\BOOKMARK [2][-]{subsection.6.4}{\376\377\130\153\172\172\230\114\173\126\165\145\377\010\230\114\166\356\000\040\0002\060\001\0003\060\001\0009\060\001\0001\0002\060\001\0001\0006\060\001\0001\0009\060\001\0002\0003\377\011}{section.6}% 32
\BOOKMARK [1][-]{section.7}{\376\377\172\013\137\017\133\346\117\134\230\114\145\073\165\145}{}% 33
\BOOKMARK [2][-]{subsection.7.1}{\376\377\211\343\230\114\155\101\172\013}{section.7}% 34
\BOOKMARK [2][-]{subsection.7.2}{\376\377\133\346\117\134\230\114\127\213\116\000\377\032\116\003\212\000\134\015\200\157\377\010\0002\0000\0002\0001\000/\0009\377\011}{section.7}% 35
\BOOKMARK [2][-]{subsection.7.3}{\376\377\133\346\117\134\230\114\127\213\116\214\377\032\210\335\230\362\145\231\377\010\0002\0000\0002\0004\000/\0001\0000\377\011}{section.7}% 36
\BOOKMARK [2][-]{subsection.7.4}{\376\377\133\346\117\134\230\114\127\213\116\011\377\032\220\112\142\062\220\170\211\322\377\010\0002\0000\0002\0004\000/\0001\377\011}{section.7}% 37
\BOOKMARK [1][-]{section.8}{\376\377\172\013\137\017\213\130\213\200\000\040\133\214\145\164\230\114\136\253}{}% 38
\BOOKMARK [1][-]{section.9}{\376\377\200\003\122\115\137\353\220\037\212\030\141\266\210\150}{}% 39
\BOOKMARK [2][-]{subsection.9.1}{\376\377\137\305\200\314\212\236\154\325}{section.9}% 40
\BOOKMARK [2][-]{subsection.9.2}{\376\377\213\130\213\200\230\114\122\006\230\136\220\037\147\345}{section.9}% 41
\BOOKMARK [2][-]{subsection.9.3}{\376\377\133\346\117\134\230\114\137\227\122\006\173\126\165\145}{section.9}% 42
\BOOKMARK [1][-]{Item.153}{\376\377\175\364\177\322\230\114\211\343\173\124}{}% 43
